<?xml version="1.0" encoding="UTF-8"?>
<!-- Generated by org.testng.reporters.JUnitXMLReporter -->
<testsuite ignored="2" hostname="MacBook-Pro.local" failures="1" tests="1" name="Test" time="3.374" errors="0" timestamp="2024-12-02T11:36:51 EST">
  <testcase classname="testCases.MyFirstTestFW" name="LoginTest" time="0.0">
    <failure type="org.testng.TestNGException" message="
Method public static void testCases.MyFirstTestFW.LoginTest(java.lang.String,java.lang.String) requires a @DataProvider named : testData">
      <![CDATA[org.testng.TestNGException: 
Method public static void testCases.MyFirstTestFW.LoginTest(java.lang.String,java.lang.String) requires a @DataProvider named : testData
at java.base/java.util.ArrayList.forEach(ArrayList.java:1597)
... Removed 24 stack frames]]>
    </failure>
  </testcase> <!-- LoginTest -->
  <testcase classname="base.BaseTest" name="@AfterTest tearDown" time="0.0">
    <ignored/>
  </testcase> <!-- @AfterTest tearDown -->
  <testcase classname="base.BaseTest" name="@BeforeTest setUp" time="0.0">
    <ignored/>
  </testcase> <!-- @BeforeTest setUp -->
</testsuite> <!-- Test -->
